<?xml version="1.0" encoding="UTF-8"?>
<testsuite xmlns:xsi="http://www.w3.org/2001/XMLSchema-instance" xsi:noNamespaceSchemaLocation="https://maven.apache.org/surefire/maven-surefire-plugin/xsd/surefire-test-report.xsd" version="3.0.2" name="TestSuite" time="44.295" tests="4" errors="0" skipped="0" failures="1">
  <properties>
[...]
</properties>
  <testcase name="verifyLoginDP[admin, admin](1)" classname="automation.framework.test.LoginTest" time="0.339">
    <system-out><![CDATA[2026-01-29 19:57:47,136 INFO  automation.framework.base.BaseTest - ==========Initializing test execution===========
2026-01-29 19:57:47,141 INFO  automation.framework.base.BaseTest - ===Launching browser===: chrome
2026-01-29 19:57:51,649 INFO  automation.framework.pages.LoginPage - Entering username
2026-01-29 19:57:51,745 INFO  automation.framework.pages.LoginPage - Entering password
2026-01-29 19:57:51,852 INFO  automation.framework.pages.LoginPage - clicking login button
]]></system-out>
    <system-err><![CDATA[SLF4J(W): No SLF4J providers were found.
SLF4J(W): Defaulting to no-operation (NOP) logger implementation
SLF4J(W): See https://www.slf4j.org/codes.html#noProviders for further details.
2026-01-29T14:27:45.769743200Z main DEBUG Apache Log4j Core 2.25 initializing configuration XmlConfiguration[location=C:\Users\Hp840 g2\Downloads\selenium.automation.framework-master\src\test\resources\log4j2.xml, lastModified=2026-01-28T05:38:52Z]
2026-01-29T14:27:45.771742400Z main DEBUG PluginManager 'Core' found 134 plugins
2026-01-29T14:27:45.772742200Z main DEBUG PluginManager 'Level' found 0 plugins
2026-01-29T14:27:45.778737800Z main DEBUG PluginManager 'Lookup' found 16 plugins
2026-01-29T14:27:45.781738600Z main DEBUG Building Plugin[name=layout, class=org.apache.logging.log4j.core.layout.PatternLayout].
2026-01-29T14:27:45.804723500Z main DEBUG PluginManager 'TypeConverter' found 26 plugins
2026-01-29T14:27:45.837703900Z main DEBUG PatternLayout$Builder(pattern="%d %-5level %c - %msg%n", PatternSelector=null, Configuration(C:\Users\Hp840 g2\Downloads\selenium.automation.framework-master\src\test\resources\log4j2.xml), Replace=null, charset="null", alwaysWriteExceptions="null", disableAnsi="null", noConsoleNoAnsi="null", header="null", footer="null")
2026-01-29T14:27:45.839701900Z main DEBUG PluginManager 'Converter' found 45 plugins
2026-01-29T14:27:45.876249100Z main DEBUG Building Plugin[name=appender, class=org.apache.logging.log4j.core.appender.ConsoleAppender].
2026-01-29T14:27:45.893218900Z main DEBUG ConsoleAppender$Builder(target="SYSTEM_OUT", follow="null", direct="null", bufferedIo="null", bufferSize="null", immediateFlush="null", ignoreExceptions="null", PatternLayout(%d %-5level %c - %msg%n), name="Console", Configuration(C:\Users\Hp840 g2\Downloads\selenium.automation.framework-master\src\test\resources\log4j2.xml), Filter=null, ={})
2026-01-29T14:27:45.896217500Z main DEBUG Starting OutputStreamManager SYSTEM_OUT.false.false
2026-01-29T14:27:45.896217500Z main DEBUG Building Plugin[name=layout, class=org.apache.logging.log4j.core.layout.PatternLayout].
2026-01-29T14:27:45.897219800Z main DEBUG PatternLayout$Builder(pattern="%d %-5level %c - %msg%n", PatternSelector=null, Configuration(C:\Users\Hp840 g2\Downloads\selenium.automation.framework-master\src\test\resources\log4j2.xml), Replace=null, charset="null", alwaysWriteExceptions="null", disableAnsi="null", noConsoleNoAnsi="null", header="null", footer="null")
2026-01-29T14:27:45.899215200Z main DEBUG Building Plugin[name=appender, class=org.apache.logging.log4j.core.appender.FileAppender].
2026-01-29T14:27:45.904232200Z main DEBUG FileAppender$Builder(fileName="logs/automation.log", append="null", locking="null", advertise="null", advertiseUri="null", createOnDemand="null", filePermissions="null", fileOwner="null", fileGroup="null", bufferedIo="null", bufferSize="null", immediateFlush="null", ignoreExceptions="null", PatternLayout(%d %-5level %c - %msg%n), name="File", Configuration(C:\Users\Hp840 g2\Downloads\selenium.automation.framework-master\src\test\resources\log4j2.xml), Filter=null, ={})
2026-01-29T14:27:45.908209700Z main DEBUG Starting FileManager logs/automation.log
2026-01-29T14:27:45.908209700Z main DEBUG Building Plugin[name=Appenders, class=org.apache.logging.log4j.core.config.AppendersPlugin].
2026-01-29T14:27:45.909209900Z main DEBUG createAppenders(={Console, File})
2026-01-29T14:27:45.910208600Z main DEBUG Building Plugin[name=AppenderRef, class=org.apache.logging.log4j.core.config.AppenderRef].
2026-01-29T14:27:45.914208200Z main DEBUG createAppenderRef(ref="Console", level="null", Filter=null)
2026-01-29T14:27:45.916205900Z main DEBUG Building Plugin[name=AppenderRef, class=org.apache.logging.log4j.core.config.AppenderRef].
2026-01-29T14:27:45.917207500Z main DEBUG createAppenderRef(ref="File", level="null", Filter=null)
2026-01-29T14:27:45.917207500Z main DEBUG Building Plugin[name=Root, class=org.apache.logging.log4j.core.config.LoggerConfig$RootLogger].
2026-01-29T14:27:45.922203200Z main DEBUG LoggerConfig$RootLogger$Builder(additivity="null", level="INFO", levelAndRefs="null", includeLocation="null", ={Console, File}, ={}, Configuration(C:\Users\Hp840 g2\Downloads\selenium.automation.framework-master\src\test\resources\log4j2.xml), Filter=null)
2026-01-29T14:27:45.925066Z main DEBUG Building Plugin[name=Loggers, class=org.apache.logging.log4j.core.config.LoggersPlugin].
2026-01-29T14:27:45.926069300Z main DEBUG createLoggers(={root})
2026-01-29T14:27:45.926069300Z main DEBUG Configuration XmlConfiguration[location=C:\Users\Hp840 g2\Downloads\selenium.automation.framework-master\src\test\resources\log4j2.xml, lastModified=2026-01-28T05:38:52Z] initialized
2026-01-29T14:27:45.927068200Z main INFO Starting configuration XmlConfiguration[location=C:\Users\Hp840 g2\Downloads\selenium.automation.framework-master\src\test\resources\log4j2.xml, lastModified=2026-01-28T05:38:52Z]...
2026-01-29T14:27:45.927068200Z main INFO Configuration XmlConfiguration[location=C:\Users\Hp840 g2\Downloads\selenium.automation.framework-master\src\test\resources\log4j2.xml, lastModified=2026-01-28T05:38:52Z] started.
2026-01-29T14:27:45.930270200Z main INFO Stopping configuration org.apache.logging.log4j.core.config.DefaultConfiguration@428640fa...
2026-01-29T14:27:45.930270200Z main DEBUG Shutting down OutputStreamManager SYSTEM_OUT.false.false-1
2026-01-29T14:27:45.931272200Z main DEBUG OutputStream closed
2026-01-29T14:27:45.931272200Z main DEBUG Shut down OutputStreamManager SYSTEM_OUT.false.false-1, all resources released: true
2026-01-29T14:27:45.931272200Z main DEBUG Appender DefaultConsole-1 stopped with status true
2026-01-29T14:27:45.932271300Z main INFO Configuration org.apache.logging.log4j.core.config.DefaultConfiguration@428640fa stopped.
2026-01-29T14:27:45.936023Z main DEBUG org.apache.logging.log4j.core.util.SystemClock supports precise timestamps.
2026-01-29T14:27:45.936023Z main DEBUG Reconfiguration complete for context[name=70dea4e] at URI C:\Users\Hp840 g2\Downloads\selenium.automation.framework-master\src\test\resources\log4j2.xml (org.apache.logging.log4j.core.LoggerContext@15713d56) with optional ClassLoader: null
2026-01-29T14:27:45.936023Z main DEBUG Shutdown hook enabled. Registering a new one.
2026-01-29T14:27:45.938024100Z main DEBUG LoggerContext[name=70dea4e, org.apache.logging.log4j.core.LoggerContext@15713d56] started OK.
]]></system-err>
  </testcase>
  <testcase name="verifyLoginDP[abc, abc](2)" classname="automation.framework.test.LoginTest" time="3.33">
    <system-out><![CDATA[2026-01-29 19:57:52,180 INFO  automation.framework.base.BaseTest - ==========Initializing test execution===========
2026-01-29 19:57:52,180 INFO  automation.framework.base.BaseTest - ===Launching browser===: chrome
2026-01-29 19:57:56,392 INFO  automation.framework.pages.LoginPage - Entering username
2026-01-29 19:57:56,495 INFO  automation.framework.pages.LoginPage - Entering password
2026-01-29 19:57:56,596 INFO  automation.framework.pages.LoginPage - clicking login button
]]></system-out>
  </testcase>
  <testcase name="verifyValidLogin" classname="automation.framework.test.LoginTest" time="3.832">
    <system-out><![CDATA[2026-01-29 19:57:59,893 INFO  automation.framework.base.BaseTest - ==========Initializing test execution===========
2026-01-29 19:57:59,893 INFO  automation.framework.base.BaseTest - ===Launching browser===: chrome
2026-01-29 19:58:06,252 INFO  automation.framework.pages.LoginPage - Entering username
2026-01-29 19:58:06,354 INFO  automation.framework.pages.LoginPage - Entering password
2026-01-29 19:58:06,452 INFO  automation.framework.pages.LoginPage - clicking login button
]]></system-out>
  </testcase>
  <testcase name="verifyInvalidLogin" classname="automation.framework.test.LoginTest" time="14.407">
    <failure message="Expected condition failed: waiting for visibility of Proxy element for: DefaultElementLocator &apos;By.xpath: //*[text()=&apos;Error!&apos;]&apos;&#10;(tried for 10 seconds with 500 milliseconds interval)" type="org.openqa.selenium.TimeoutException"><![CDATA[org.openqa.selenium.TimeoutException: 
Expected condition failed: waiting for visibility of Proxy element for: DefaultElementLocator 'By.xpath: //*[text()='Error!']'
(tried for 10 seconds with 500 milliseconds interval)
	at org.openqa.selenium.support.ui.WebDriverWait.timeoutException(WebDriverWait.java:84)
	at org.openqa.selenium.support.ui.FluentWait.until(FluentWait.java:231)
	at automation.framework.utils.WaitUtils.waitForElementToBeVisible(WaitUtils.java:20)
	at automation.framework.pages.LoginPage.getloginFailMsg(LoginPage.java:75)
	at automation.framework.test.LoginTest.verifyInvalidLogin(LoginTest.java:34)
	at java.base/jdk.internal.reflect.DirectMethodHandleAccessor.invoke(DirectMethodHandleAccessor.java:103)
	at java.base/java.lang.reflect.Method.invoke(Method.java:580)
	at org.testng.internal.invokers.MethodInvocationHelper.invokeMethod(MethodInvocationHelper.java:141)
	at org.testng.internal.invokers.TestInvoker.invokeMethod(TestInvoker.java:687)
	at org.testng.internal.invokers.TestInvoker.invokeTestMethod(TestInvoker.java:230)
	at org.testng.internal.invokers.MethodRunner.runInSequence(MethodRunner.java:63)
	at org.testng.internal.invokers.TestInvoker$MethodInvocationAgent.invoke(TestInvoker.java:995)
	at org.testng.internal.invokers.TestInvoker.invokeTestMethods(TestInvoker.java:203)
	at org.testng.internal.invokers.TestMethodWorker.invokeTestMethods(TestMethodWorker.java:154)
	at org.testng.internal.invokers.TestMethodWorker.run(TestMethodWorker.java:134)
	at java.base/java.util.ArrayList.forEach(ArrayList.java:1596)
	at org.testng.TestRunner.privateRun(TestRunner.java:741)
	at org.testng.TestRunner.run(TestRunner.java:616)
	at org.testng.SuiteRunner.runTest(SuiteRunner.java:421)
	at org.testng.SuiteRunner.runSequentially(SuiteRunner.java:413)
	at org.testng.SuiteRunner.privateRun(SuiteRunner.java:373)
	at org.testng.SuiteRunner.run(SuiteRunner.java:312)
	at org.testng.SuiteRunnerWorker.runSuite(SuiteRunnerWorker.java:52)
	at org.testng.SuiteRunnerWorker.run(SuiteRunnerWorker.java:95)
	at org.testng.TestNG.runSuitesSequentially(TestNG.java:1274)
	at org.testng.TestNG.runSuitesLocally(TestNG.java:1208)
	at org.testng.TestNG.runSuites(TestNG.java:1112)
	at org.testng.TestNG.run(TestNG.java:1079)
	at org.apache.maven.surefire.testng.TestNGExecutor.run(TestNGExecutor.java:155)
	at org.apache.maven.surefire.testng.TestNGDirectoryTestSuite.executeMulti(TestNGDirectoryTestSuite.java:169)
	at org.apache.maven.surefire.testng.TestNGDirectoryTestSuite.execute(TestNGDirectoryTestSuite.java:88)
	at org.apache.maven.surefire.testng.TestNGProvider.invoke(TestNGProvider.java:137)
	at org.apache.maven.surefire.booter.ForkedBooter.runSuitesInProcess(ForkedBooter.java:385)
	at org.apache.maven.surefire.booter.ForkedBooter.execute(ForkedBooter.java:162)
	at org.apache.maven.surefire.booter.ForkedBooter.run(ForkedBooter.java:507)
	at org.apache.maven.surefire.booter.ForkedBooter.main(ForkedBooter.java:495)
Caused by: org.openqa.selenium.NoSuchElementException: no such element: Unable to locate element: {"method":"xpath","selector":"//*[text()='Error!']"}
  (Session info: chrome=144.0.7559.97)
For documentation on this error, please visit: https://www.selenium.dev/documentation/webdriver/troubleshooting/errors#nosuchelementexception
Build info: version: '4.40.0', revision: 'b3333f1'
System info: os.name: 'Windows 10', os.arch: 'amd64', os.version: '10.0', java.version: '21.0.10'
Driver info: org.openqa.selenium.chrome.ChromeDriver
Command: [514223ee569a64b0884a566e6f96a687, findElement {using=xpath, value=//*[text()='Error!']}]
Capabilities {acceptInsecureCerts: false, browserName: chrome, browserVersion: 144.0.7559.97, chrome: {chromedriverVersion: 144.0.7559.109 (6a8d5e49388..., userDataDir: C:\Users\HP840G~1\AppData\L...}, fedcm:accounts: true, goog:chromeOptions: {debuggerAddress: localhost:56807}, goog:processID: 10688, networkConnectionEnabled: false, pageLoadStrategy: normal, platformName: windows, proxy: Proxy(), se:cdp: ws://localhost:56807/devtoo..., se:cdpVersion: 144.0.7559.97, setWindowRect: true, strictFileInteractability: false, timeouts: {implicit: 0, pageLoad: 300000, script: 30000}, unhandledPromptBehavior: dismiss and notify, webauthn:extension:credBlob: true, webauthn:extension:largeBlob: true, webauthn:extension:minPinLength: true, webauthn:extension:prf: true, webauthn:virtualAuthenticators: true}
Session ID: 514223ee569a64b0884a566e6f96a687
	at org.openqa.selenium.remote.ErrorCodec.decode(ErrorCodec.java:169)
	at org.openqa.selenium.remote.codec.w3c.W3CHttpResponseCodec.decode(W3CHttpResponseCodec.java:142)
	at org.openqa.selenium.remote.codec.w3c.W3CHttpResponseCodec.decode(W3CHttpResponseCodec.java:49)
	at org.openqa.selenium.remote.HttpCommandExecutor.execute(HttpCommandExecutor.java:223)
	at org.openqa.selenium.remote.service.DriverCommandExecutor.invokeExecute(DriverCommandExecutor.java:216)
	at org.openqa.selenium.remote.service.DriverCommandExecutor.execute(DriverCommandExecutor.java:174)
	at org.openqa.selenium.remote.RemoteWebDriver.execute(RemoteWebDriver.java:601)
	at org.openqa.selenium.remote.ElementLocation$ElementFinder$2.findElement(ElementLocation.java:166)
	at org.openqa.selenium.remote.ElementLocation.findElement(ElementLocation.java:60)
	at org.openqa.selenium.remote.RemoteWebDriver.findElement(RemoteWebDriver.java:424)
	at org.openqa.selenium.remote.RemoteWebDriver.findElement(RemoteWebDriver.java:418)
	at org.openqa.selenium.support.pagefactory.DefaultElementLocator.findElement(DefaultElementLocator.java:68)
	at org.openqa.selenium.support.pagefactory.internal.LocatingElementHandler.invoke(LocatingElementHandler.java:38)
	at jdk.proxy2/jdk.proxy2.$Proxy29.isDisplayed(Unknown Source)
	at org.openqa.selenium.support.ui.ExpectedConditions.elementIfVisible(ExpectedConditions.java:367)
	at org.openqa.selenium.support.ui.ExpectedConditions$10.apply(ExpectedConditions.java:353)
	at org.openqa.selenium.support.ui.ExpectedConditions$10.apply(ExpectedConditions.java:350)
	at org.openqa.selenium.support.ui.FluentWait.until(FluentWait.java:207)
	... 34 more
]]></failure>
    <system-out><![CDATA[2026-01-29 19:58:10,257 INFO  automation.framework.base.BaseTest - ==========Initializing test execution===========
2026-01-29 19:58:10,257 INFO  automation.framework.base.BaseTest - ===Launching browser===: chrome
2026-01-29 19:58:14,038 INFO  automation.framework.pages.LoginPage - Entering username
2026-01-29 19:58:14,136 INFO  automation.framework.pages.LoginPage - Entering password
2026-01-29 19:58:14,236 INFO  automation.framework.pages.LoginPage - clicking login button
]]></system-out>
  </testcase>
</testsuite>