<?xml version="1.0" encoding="UTF-8"?>
<!-- Generated by org.testng.reporters.JUnitXMLReporter -->
<testsuite ignored="2" hostname="Akshay" failures="0" tests="4" name="Test" time="25.316" errors="0" timestamp="2026-01-29T22:36:34 IST">
  <testcase classname="automation.framework.test.LoginTest" name="verifyValidLogin" time="0.49"/>
  <testcase classname="automation.framework.test.LoginTest" name="verifyLoginDP" time="1.439"/>
  <testcase classname="automation.framework.test.LoginTest" name="verifyInvalidLogin" time="2.431"/>
  <testcase classname="automation.framework.test.LoginTest" name="verifyLoginDP" time="3.608"/>
  <testcase classname="automation.framework.base.BaseTest" name="@BeforeSuite setupReport" time="0.0">
    <ignored/>
  </testcase> <!-- @BeforeSuite setupReport -->
  <testcase classname="automation.framework.base.BaseTest" name="@AfterSuite tearDownReport" time="0.0">
    <ignored/>
  </testcase> <!-- @AfterSuite tearDownReport -->
</testsuite> <!-- Test -->
