<?xml version="1.0" encoding="UTF-8"?>
<testng-results ignored="2" total="6" passed="4" failed="0" skipped="0">
  <reporter-output>
  </reporter-output>
  <suite started-at="2026-01-29T22:36:09 IST" name="Automation Suite" finished-at="2026-01-29T22:36:34 IST" duration-ms="25316">
    <groups>
    </groups>
    <test started-at="2026-01-29T22:36:09 IST" name="Test" finished-at="2026-01-29T22:36:34 IST" duration-ms="25316">
      <class name="automation.framework.test.LoginTest">
        <test-method is-config="true" signature="setUp(java.lang.reflect.Method)[pri:0, instance:automation.framework.test.LoginTest@4baf352a]" started-at="2026-01-29T22:36:09 IST" name="setUp" finished-at="2026-01-29T22:36:26 IST" duration-ms="17038" status="PASS">
          <params>
            <param index="0">
              <value>
                <![CDATA[public void automation.framework.test.LoginTest.verifyInvalidLogin()]]>
              </value>
            </param>
          </params>
          <reporter-output>
          </reporter-output>
        </test-method> <!-- setUp -->
        <test-method is-config="true" signature="setUp(java.lang.reflect.Method)[pri:0, instance:automation.framework.test.LoginTest@4baf352a]" started-at="2026-01-29T22:36:09 IST" name="setUp" finished-at="2026-01-29T22:36:18 IST" duration-ms="9376" status="PASS">
          <params>
            <param index="0">
              <value>
                <![CDATA[public void automation.framework.test.LoginTest.verifyValidLogin()]]>
              </value>
            </param>
          </params>
          <reporter-output>
          </reporter-output>
        </test-method> <!-- setUp -->
        <test-method is-config="true" signature="setUp(java.lang.reflect.Method)[pri:0, instance:automation.framework.test.LoginTest@4baf352a]" started-at="2026-01-29T22:36:10 IST" name="setUp" finished-at="2026-01-29T22:36:23 IST" duration-ms="12854" status="PASS">
          <params>
            <param index="0">
              <value>
                <![CDATA[public void automation.framework.test.LoginTest.verifyLoginDP(java.lang.String,java.lang.String)]]>
              </value>
            </param>
          </params>
          <reporter-output>
          </reporter-output>
        </test-method> <!-- setUp -->
        <test-method is-config="true" signature="setUpPage()[pri:0, instance:automation.framework.test.LoginTest@4baf352a]" started-at="2026-01-29T22:36:18 IST" name="setUpPage" finished-at="2026-01-29T22:36:18 IST" duration-ms="49" status="PASS">
          <reporter-output>
          </reporter-output>
        </test-method> <!-- setUpPage -->
        <test-method signature="verifyValidLogin()[pri:1, instance:automation.framework.test.LoginTest@4baf352a]" started-at="2026-01-29T22:36:18 IST" name="verifyValidLogin" description="validLogin" finished-at="2026-01-29T22:36:19 IST" duration-ms="490" status="PASS">
          <reporter-output>
          </reporter-output>
        </test-method> <!-- verifyValidLogin -->
        <test-method is-config="true" signature="tearDown(org.testng.ITestResult)[pri:0, instance:automation.framework.test.LoginTest@4baf352a]" started-at="2026-01-29T22:36:19 IST" name="tearDown" finished-at="2026-01-29T22:36:19 IST" duration-ms="225" status="PASS">
          <params>
            <param index="0">
              <value>
                <![CDATA[[TestResult name=verifyValidLogin status=SUCCESS method=LoginTest.verifyValidLogin()[pri:1, instance:automation.framework.test.LoginTest@4baf352a] output={null}]]]>
              </value>
            </param>
          </params>
          <reporter-output>
          </reporter-output>
        </test-method> <!-- tearDown -->
        <test-method signature="verifyLoginDP(java.lang.String,java.lang.String)[pri:1, instance:automation.framework.test.LoginTest@4baf352a]" started-at="2026-01-29T22:36:23 IST" name="verifyLoginDP" description="validLogin" data-provider="loginData" finished-at="2026-01-29T22:36:24 IST" duration-ms="1439" status="PASS">
          <params>
            <param index="0">
              <value>
                <![CDATA[admin]]>
              </value>
            </param>
            <param index="1">
              <value>
                <![CDATA[admin]]>
              </value>
            </param>
          </params>
          <reporter-output>
          </reporter-output>
        </test-method> <!-- verifyLoginDP -->
        <test-method is-config="true" signature="setUpPage()[pri:0, instance:automation.framework.test.LoginTest@4baf352a]" started-at="2026-01-29T22:36:23 IST" name="setUpPage" finished-at="2026-01-29T22:36:23 IST" duration-ms="0" status="PASS">
          <reporter-output>
          </reporter-output>
        </test-method> <!-- setUpPage -->
        <test-method is-config="true" signature="tearDown(org.testng.ITestResult)[pri:0, instance:automation.framework.test.LoginTest@4baf352a]" started-at="2026-01-29T22:36:24 IST" name="tearDown" finished-at="2026-01-29T22:36:24 IST" duration-ms="190" status="PASS">
          <params>
            <param index="0">
              <value>
                <![CDATA[[TestResult name=verifyLoginDP status=SUCCESS method=LoginTest.verifyLoginDP(java.lang.String,java.lang.String)[pri:1, instance:automation.framework.test.LoginTest@4baf352a] output={null}]]]>
              </value>
            </param>
          </params>
          <reporter-output>
          </reporter-output>
        </test-method> <!-- tearDown -->
        <test-method is-config="true" signature="setUp(java.lang.reflect.Method)[pri:0, instance:automation.framework.test.LoginTest@4baf352a]" started-at="2026-01-29T22:36:24 IST" name="setUp" finished-at="2026-01-29T22:36:30 IST" duration-ms="6106" status="PASS">
          <params>
            <param index="0">
              <value>
                <![CDATA[public void automation.framework.test.LoginTest.verifyLoginDP(java.lang.String,java.lang.String)]]>
              </value>
            </param>
          </params>
          <reporter-output>
          </reporter-output>
        </test-method> <!-- setUp -->
        <test-method is-config="true" signature="setUpPage()[pri:0, instance:automation.framework.test.LoginTest@4baf352a]" started-at="2026-01-29T22:36:26 IST" name="setUpPage" finished-at="2026-01-29T22:36:26 IST" duration-ms="1" status="PASS">
          <reporter-output>
          </reporter-output>
        </test-method> <!-- setUpPage -->
        <test-method signature="verifyInvalidLogin()[pri:2, instance:automation.framework.test.LoginTest@4baf352a]" started-at="2026-01-29T22:36:26 IST" name="verifyInvalidLogin" description="invalidLogin" finished-at="2026-01-29T22:36:28 IST" duration-ms="2431" status="PASS">
          <reporter-output>
          </reporter-output>
        </test-method> <!-- verifyInvalidLogin -->
        <test-method is-config="true" signature="tearDown(org.testng.ITestResult)[pri:0, instance:automation.framework.test.LoginTest@4baf352a]" started-at="2026-01-29T22:36:28 IST" name="tearDown" finished-at="2026-01-29T22:36:29 IST" duration-ms="154" status="PASS">
          <params>
            <param index="0">
              <value>
                <![CDATA[[TestResult name=verifyInvalidLogin status=SUCCESS method=LoginTest.verifyInvalidLogin()[pri:2, instance:automation.framework.test.LoginTest@4baf352a] output={null}]]]>
              </value>
            </param>
          </params>
          <reporter-output>
          </reporter-output>
        </test-method> <!-- tearDown -->
        <test-method is-config="true" signature="setUpPage()[pri:0, instance:automation.framework.test.LoginTest@4baf352a]" started-at="2026-01-29T22:36:30 IST" name="setUpPage" finished-at="2026-01-29T22:36:30 IST" duration-ms="1" status="PASS">
          <reporter-output>
          </reporter-output>
        </test-method> <!-- setUpPage -->
        <test-method signature="verifyLoginDP(java.lang.String,java.lang.String)[pri:1, instance:automation.framework.test.LoginTest@4baf352a]" started-at="2026-01-29T22:36:30 IST" name="verifyLoginDP" description="validLogin" data-provider="loginData" finished-at="2026-01-29T22:36:34 IST" duration-ms="3608" status="PASS">
          <params>
            <param index="0">
              <value>
                <![CDATA[abc]]>
              </value>
            </param>
            <param index="1">
              <value>
                <![CDATA[abc]]>
              </value>
            </param>
          </params>
          <reporter-output>
          </reporter-output>
        </test-method> <!-- verifyLoginDP -->
        <test-method is-config="true" signature="tearDown(org.testng.ITestResult)[pri:0, instance:automation.framework.test.LoginTest@4baf352a]" started-at="2026-01-29T22:36:34 IST" name="tearDown" finished-at="2026-01-29T22:36:34 IST" duration-ms="173" status="PASS">
          <params>
            <param index="0">
              <value>
                <![CDATA[[TestResult name=verifyLoginDP status=SUCCESS method=LoginTest.verifyLoginDP(java.lang.String,java.lang.String)[pri:1, instance:automation.framework.test.LoginTest@4baf352a] output={null}]]]>
              </value>
            </param>
          </params>
          <reporter-output>
          </reporter-output>
        </test-method> <!-- tearDown -->
      </class> <!-- automation.framework.test.LoginTest -->
      <class name="automation.framework.base.BaseTest">
        <test-method is-config="true" signature="setupReport()[pri:0, instance:automation.framework.base.BaseTest@25748410]" started-at="2026-01-29T22:36:09 IST" name="setupReport" finished-at="2026-01-29T22:36:09 IST" duration-ms="240" status="PASS">
          <reporter-output>
          </reporter-output>
        </test-method> <!-- setupReport -->
        <test-method is-config="true" signature="tearDownReport()[pri:0, instance:automation.framework.base.BaseTest@25748410]" started-at="2026-01-29T22:36:34 IST" name="tearDownReport" finished-at="2026-01-29T22:36:35 IST" duration-ms="350" status="PASS">
          <reporter-output>
          </reporter-output>
        </test-method> <!-- tearDownReport -->
      </class> <!-- automation.framework.base.BaseTest -->
    </test> <!-- Test -->
  </suite> <!-- Automation Suite -->
</testng-results>
