<?xml version="1.0" encoding="UTF-8"?>
<testng-results ignored="2" total="3" passed="1" failed="0" skipped="0">
  <reporter-output>
  </reporter-output>
  <suite started-at="2026-01-29T19:56:34 IST" name="Default suite" finished-at="2026-01-29T19:56:41 IST" duration-ms="7254">
    <groups>
    </groups>
    <test started-at="2026-01-29T19:56:34 IST" name="Default test" finished-at="2026-01-29T19:56:41 IST" duration-ms="7254">
      <class name="automation.framework.test.LoginTest">
        <test-method is-config="true" signature="setupReport()[pri:0, instance:automation.framework.test.LoginTest@3829ac1]" started-at="2026-01-29T19:56:34 IST" name="setupReport" finished-at="2026-01-29T19:56:34 IST" duration-ms="269" status="PASS">
          <reporter-output>
          </reporter-output>
        </test-method> <!-- setupReport -->
        <test-method is-config="true" signature="setUp(java.lang.reflect.Method)[pri:0, instance:automation.framework.test.LoginTest@3829ac1]" started-at="2026-01-29T19:56:34 IST" name="setUp" finished-at="2026-01-29T19:56:39 IST" duration-ms="4414" status="PASS">
          <params>
            <param index="0">
              <value>
                <![CDATA[public void automation.framework.test.LoginTest.verifyInvalidLogin()]]>
              </value>
            </param>
          </params>
          <reporter-output>
          </reporter-output>
        </test-method> <!-- setUp -->
        <test-method is-config="true" signature="setUpPage()[pri:0, instance:automation.framework.test.LoginTest@3829ac1]" started-at="2026-01-29T19:56:39 IST" name="setUpPage" finished-at="2026-01-29T19:56:39 IST" duration-ms="45" status="PASS">
          <reporter-output>
          </reporter-output>
        </test-method> <!-- setUpPage -->
        <test-method signature="verifyInvalidLogin()[pri:2, instance:automation.framework.test.LoginTest@3829ac1]" started-at="2026-01-29T19:56:39 IST" name="verifyInvalidLogin" description="invalidLogin" finished-at="2026-01-29T19:56:41 IST" duration-ms="2571" status="PASS">
          <reporter-output>
          </reporter-output>
        </test-method> <!-- verifyInvalidLogin -->
        <test-method is-config="true" signature="tearDown(org.testng.ITestResult)[pri:0, instance:automation.framework.test.LoginTest@3829ac1]" started-at="2026-01-29T19:56:41 IST" name="tearDown" finished-at="2026-01-29T19:56:41 IST" duration-ms="179" status="PASS">
          <params>
            <param index="0">
              <value>
                <![CDATA[[TestResult name=verifyInvalidLogin status=SUCCESS method=LoginTest.verifyInvalidLogin()[pri:2, instance:automation.framework.test.LoginTest@3829ac1] output={null}]]]>
              </value>
            </param>
          </params>
          <reporter-output>
          </reporter-output>
        </test-method> <!-- tearDown -->
        <test-method is-config="true" signature="tearDownReport()[pri:0, instance:automation.framework.test.LoginTest@3829ac1]" started-at="2026-01-29T19:56:42 IST" name="tearDownReport" finished-at="2026-01-29T19:56:42 IST" duration-ms="451" status="PASS">
          <reporter-output>
          </reporter-output>
        </test-method> <!-- tearDownReport -->
      </class> <!-- automation.framework.test.LoginTest -->
    </test> <!-- Default test -->
  </suite> <!-- Default suite -->
</testng-results>
