<?xml version="1.0" encoding="UTF-8"?>
<!-- Generated by org.testng.reporters.JUnitReportReporter -->
<testsuite hostname="Akshay" failures="0" tests="4" name="automation.framework.test.LoginTest" time="54.135" errors="0" timestamp="2026-01-29T22:36:35 IST" skipped="0">
  <testcase classname="automation.framework.test.LoginTest" name="verifyLoginDP" time="18.650"/>
  <system-out/>
  <testcase classname="automation.framework.test.LoginTest" name="verifyValidLogin" time="6.870"/>
  <system-out/>
  <testcase classname="automation.framework.test.LoginTest" name="verifyLoginDP" time="16.653"/>
  <system-out/>
  <testcase classname="automation.framework.test.LoginTest" name="verifyInvalidLogin" time="11.962"/>
  <system-out/>
</testsuite> <!-- automation.framework.test.LoginTest -->
